Using pre-set license
Built from '2021.1/staging' branch; Version is '2021.1.26f1 (6f076387c01d) revision 7276387'; Using compiler version '192528614'; Build Type 'Release'
OS: 'Windows 10 Home; OS build 19042.1348; Version 2009; 64bit' Language: 'en' Physical Memory: 3914 MB
BatchMode: 1, IsHumanControllingUs: 0, StartBugReporterOnCrash: 0, Is64bit: 1, IsPro: 0

COMMAND LINE ARGUMENTS:
C:\Program Files\2021.1.26f1\Editor\Unity.exe
-adb2
-batchMode
-noUpm
-name
AssetImportWorker13
-projectPath
C:/Users/ndawi/Trailer-Scenes-Demo
-logFile
Logs/AssetImportWorker13.log
-srvPort
62777
Successfully changed project path to: C:/Users/ndawi/Trailer-Scenes-Demo
C:/Users/ndawi/Trailer-Scenes-Demo
Using Asset Import Pipeline V2.
Refreshing native plugins compatible for Editor in 347.06 ms, found 3 plugins.
Preloading 0 native plugins for Editor in 0.00 ms.
Initialize engine version: 2021.1.26f1 (6f076387c01d)
[Subsystems] Discovering subsystems at path C:/Program Files/2021.1.26f1/Editor/Data/Resources/UnitySubsystems
[Subsystems] Discovering subsystems at path C:/Users/ndawi/Trailer-Scenes-Demo/Assets
GfxDevice: creating device client; threaded=0; jobified=0
Direct3D:
    Version:  Direct3D 11.0 [level 11.0]
    Renderer: Intel(R) HD Graphics (ID=0xf31)
    Vendor:   Intel
    VRAM:     128 MB
    Driver:   10.18.10.4252
Initialize mono
Mono path[0] = 'C:/Program Files/2021.1.26f1/Editor/Data/Managed'
Mono path[1] = 'C:/Program Files/2021.1.26f1/Editor/Data/MonoBleedingEdge/lib/mono/unityjit'
Mono config path = 'C:/Program Files/2021.1.26f1/Editor/Data/MonoBleedingEdge/etc'
Using monoOptions --debugger-agent=transport=dt_socket,embedding=1,server=y,suspend=n,address=127.0.0.1:56716
Begin MonoManager ReloadAssembly
Registering precompiled unity dll's ...
Register platform support module: C:/Program Files/2021.1.26f1/Editor/Data/PlaybackEngines/WindowsStandaloneSupport/UnityEditor.WindowsStandalone.Extensions.dll
Registered in 0.009430 seconds.
Native extension for WindowsStandalone target not found
Refreshing native plugins compatible for Editor in 335.02 ms, found 3 plugins.
Preloading 0 native plugins for Editor in 0.00 ms.
Mono: successfully reloaded assembly
- Completed reload, in  5.404 seconds
Domain Reload Profiling:
	ReloadAssembly (5405ms)
		BeginReloadAssembly (304ms)
			ExecutionOrderSort (0ms)
			DisableScriptedObjects (0ms)
			BackupInstance (0ms)
			ReleaseScriptingObjects (0ms)
			CreateAndSetChildDomain (3ms)
		EndReloadAssembly (2274ms)
			LoadAssemblies (295ms)
			RebuildTransferFunctionScriptingTraits (0ms)
			SetupTypeCache (863ms)
			ReleaseScriptCaches (0ms)
			RebuildScriptCaches (145ms)
			SetupLoadedEditorAssemblies (1057ms)
				LogAssemblyErrors (0ms)
				InitializePlatformSupportModulesInManaged (25ms)
				SetLoadedEditorAssemblies (1ms)
				RefreshPlugins (335ms)
				BeforeProcessingInitializeOnLoad (5ms)
				ProcessInitializeOnLoadAttributes (556ms)
				ProcessInitializeOnLoadMethodAttributes (135ms)
				AfterProcessingInitializeOnLoad (0ms)
				EditorAssembliesLoaded (1ms)
			ExecutionOrderSort2 (0ms)
			AwakeInstancesAfterBackupRestoration (0ms)
Platform modules already initialized, skipping
Registering precompiled user dll's ...
Registered in 0.034076 seconds.
Begin MonoManager ReloadAssembly
Symbol file LoadedFromMemory doesn't match image C:\Users\ndawi\Trailer-Scenes-Demo\Library\PackageCache\com.unity.visualscripting@1.6.1\Editor\VisualScripting.Core\Dependencies\YamlDotNet\Unity.VisualScripting.YamlDotNet.dll
Symbol file LoadedFromMemory doesn't match image C:\Users\ndawi\Trailer-Scenes-Demo\Library\PackageCache\com.unity.visualscripting@1.6.1\Editor\VisualScripting.Core\Dependencies\DotNetZip\Unity.VisualScripting.IonicZip.dll
Native extension for WindowsStandalone target not found
Refreshing native plugins compatible for Editor in 1.93 ms, found 3 plugins.
Preloading 0 native plugins for Editor in 0.00 ms.
Mono: successfully reloaded assembly
- Completed reload, in  6.781 seconds
Domain Reload Profiling:
	ReloadAssembly (6783ms)
		BeginReloadAssembly (860ms)
			ExecutionOrderSort (0ms)
			DisableScriptedObjects (23ms)
			BackupInstance (0ms)
			ReleaseScriptingObjects (0ms)
			CreateAndSetChildDomain (78ms)
		EndReloadAssembly (5612ms)
			LoadAssemblies (1010ms)
			RebuildTransferFunctionScriptingTraits (0ms)
			SetupTypeCache (1991ms)
			ReleaseScriptCaches (1ms)
			RebuildScriptCaches (247ms)
			SetupLoadedEditorAssemblies (1847ms)
				LogAssemblyErrors (0ms)
				InitializePlatformSupportModulesInManaged (19ms)
				SetLoadedEditorAssemblies (2ms)
				RefreshPlugins (2ms)
				BeforeProcessingInitializeOnLoad (306ms)
				ProcessInitializeOnLoadAttributes (1354ms)
				ProcessInitializeOnLoadMethodAttributes (110ms)
				AfterProcessingInitializeOnLoad (51ms)
				EditorAssembliesLoaded (2ms)
			ExecutionOrderSort2 (0ms)
			AwakeInstancesAfterBackupRestoration (56ms)
Platform modules already initialized, skipping
========================================================================
Worker process is ready to serve import requests
Launched and connected shader compiler UnityShaderCompiler.exe after 0.59 seconds
Refreshing native plugins compatible for Editor in 1.99 ms, found 3 plugins.
Preloading 0 native plugins for Editor in 0.00 ms.
Unloading 3042 Unused Serialized files (Serialized files now loaded: 0)
System memory in use before: 108.2 MB.
System memory in use after: 108.4 MB.

Unloading 23 unused Assets to reduce memory usage. Loaded Objects now: 3486.
Total: 12.669900 ms (FindLiveObjects: 1.278400 ms CreateObjectMapping: 0.567600 ms MarkObjects: 10.558600 ms  DeleteObjects: 0.260700 ms)

AssetImportParameters requested are different than current active one (requested -> active):
  custom:framework-win-MediaFoundation: 216162199b28c13a410421893ffa2e32 -> 
  custom:video-decoder-ogg-theora: a1e56fd34408186e4bbccfd4996cb3dc -> 
  custom:container-muxer-webm: aa71ff27fc2769a1b78a27578f13a17b -> 
  custom:container-demuxer-webm: 4f35f7cbe854078d1ac9338744f61a02 -> 
  custom:container-demuxer-ogg: 62fdf1f143b41e24485cea50d1cbac27 -> 
  custom:video-encoder-webm-vp8: eb34c28f22e8b96e1ab97ce403110664 -> 
  custom:video-decoder-webm-vp8: 9c59270c3fd7afecdb556c50c9e8de78 -> 
  custom:audio-decoder-ogg-vorbis: bf7c407c2cedff20999df2af8eb42d56 -> 
  custom:audio-encoder-webm-vorbis: bf7c407c2cedff20999df2af8eb42d56 -> 
========================================================================
Received Import Request.
  path: Assets/SpaceShipPack/Materials
  artifactKey: Guid(a5902f7923b1cee418884573947dcdb6) Importer(815301076,1909f56bfc062723c751e8b465ee728b)
Start importing Assets/SpaceShipPack/Materials using Guid(a5902f7923b1cee418884573947dcdb6) Importer(815301076,1909f56bfc062723c751e8b465ee728b)  -> (artifact id: '3e05117f4efe4fd087a389e29b35dab1') in 0.034503 seconds 
========================================================================
Received Import Request.
  Time since last request: 0.000996 seconds.
  path: Assets/SpaceShipPack/Materials/OceanNebulaSkyBox.mat
  artifactKey: Guid(6cb4f958ca7d94e43bbeeef77938ca16) Importer(815301076,1909f56bfc062723c751e8b465ee728b)
Start importing Assets/SpaceShipPack/Materials/OceanNebulaSkyBox.mat using Guid(6cb4f958ca7d94e43bbeeef77938ca16) Importer(815301076,1909f56bfc062723c751e8b465ee728b)  -> (artifact id: 'b5071ecadda3c7f9a52ca47d8bbcbef7') in 2.263532 seconds 
========================================================================
Received Import Request.
  Time since last request: 0.000827 seconds.
  path: Assets/SpaceShipPack
  artifactKey: Guid(27010f89fd21e7b4b9afb5d1884c5ec1) Importer(815301076,1909f56bfc062723c751e8b465ee728b)
Start importing Assets/SpaceShipPack using Guid(27010f89fd21e7b4b9afb5d1884c5ec1) Importer(815301076,1909f56bfc062723c751e8b465ee728b)  -> (artifact id: 'ff40b419f6a4cbf4a1f221d09332b508') in 0.007963 seconds 
========================================================================
Received Import Request.
  Time since last request: 15.972581 seconds.
  path: Assets/SpaceShipPack/Materials/Pixel Make Voyager
  artifactKey: Guid(de8faf00d8f85954aa88e64a0535dba7) Importer(815301076,1909f56bfc062723c751e8b465ee728b)
Start importing Assets/SpaceShipPack/Materials/Pixel Make Voyager using Guid(de8faf00d8f85954aa88e64a0535dba7) Importer(815301076,1909f56bfc062723c751e8b465ee728b)  -> (artifact id: '5ccd71acd17f255ba2d21f8b37d19468') in 0.057799 seconds 
========================================================================
Received Import Request.
  Time since last request: 0.000917 seconds.
  path: Assets/SpaceShipPack/Materials/Pixel Make Voyager/01_Cockpit.mat
  artifactKey: Guid(f3a287ca95249ff44ba8dbda811834dd) Importer(815301076,1909f56bfc062723c751e8b465ee728b)
Start importing Assets/SpaceShipPack/Materials/Pixel Make Voyager/01_Cockpit.mat using Guid(f3a287ca95249ff44ba8dbda811834dd) Importer(815301076,1909f56bfc062723c751e8b465ee728b)  -> (artifact id: '7b08d4ef89d1161dfd32768cf09a9291') in 2.520538 seconds 
========================================================================
Received Import Request.
  Time since last request: 0.001144 seconds.
  path: Assets/SpaceShipPack/Materials/Pixel Make Voyager/07_Booster.mat
  artifactKey: Guid(79d358799bd40c4478ce92d483832e0b) Importer(815301076,1909f56bfc062723c751e8b465ee728b)
Start importing Assets/SpaceShipPack/Materials/Pixel Make Voyager/07_Booster.mat using Guid(79d358799bd40c4478ce92d483832e0b) Importer(815301076,1909f56bfc062723c751e8b465ee728b)  -> (artifact id: 'b70a4a6c6f42158256826c0780d761d6') in 0.796990 seconds 
========================================================================
Received Import Request.
  Time since last request: 0.000925 seconds.
  path: Assets/SpaceShipPack/Materials/Pixel Make Voyager/06_BoosterPlug.mat
  artifactKey: Guid(13b3cb552165e754caab4236a9b7a238) Importer(815301076,1909f56bfc062723c751e8b465ee728b)
Start importing Assets/SpaceShipPack/Materials/Pixel Make Voyager/06_BoosterPlug.mat using Guid(13b3cb552165e754caab4236a9b7a238) Importer(815301076,1909f56bfc062723c751e8b465ee728b)  -> (artifact id: 'f04156dd9009dd42f2cc127c9a35c361') in 1.144767 seconds 
========================================================================
Received Import Request.
  Time since last request: 0.000931 seconds.
  path: Assets/SpaceShipPack/Prefabs/PixelMakeVoyager_WithGuns.prefab
  artifactKey: Guid(0d9d097d6543c47409a7c8cca6986af1) Importer(815301076,1909f56bfc062723c751e8b465ee728b)
Start importing Assets/SpaceShipPack/Prefabs/PixelMakeVoyager_WithGuns.prefab using Guid(0d9d097d6543c47409a7c8cca6986af1) Importer(815301076,1909f56bfc062723c751e8b465ee728b)  -> (artifact id: '2095b8735412af1a77184f58be943f2f') in 10.495500 seconds 
========================================================================
Received Import Request.
  Time since last request: 0.029070 seconds.
  path: Assets/SpaceShipPack/Materials/Pixel Make Voyager/04_TwinChassy.mat
  artifactKey: Guid(dde28102d0e5b5d4ebe92d4e51b6ecbd) Importer(815301076,1909f56bfc062723c751e8b465ee728b)
Start importing Assets/SpaceShipPack/Materials/Pixel Make Voyager/04_TwinChassy.mat using Guid(dde28102d0e5b5d4ebe92d4e51b6ecbd) Importer(815301076,1909f56bfc062723c751e8b465ee728b)  -> (artifact id: 'd64825656aca9652da4468f180e8461a') in 0.782534 seconds 
========================================================================
Received Import Request.
  Time since last request: 0.001137 seconds.
  path: Assets/SpaceShipPack/Prefabs
  artifactKey: Guid(c07b8422e75700b428e55f3a43ae6a84) Importer(815301076,1909f56bfc062723c751e8b465ee728b)
Start importing Assets/SpaceShipPack/Prefabs using Guid(c07b8422e75700b428e55f3a43ae6a84) Importer(815301076,1909f56bfc062723c751e8b465ee728b)  -> (artifact id: '340409921e2ac94a3345e5b830670cfc') in 0.009203 seconds 
========================================================================
Received Import Request.
  Time since last request: 0.000775 seconds.
  path: Assets/SpaceShipPack/Prefabs/PixelMakeVoyager_WithoutGuns.prefab
  artifactKey: Guid(d1ccc45dbb5133a40938f229f5052c6e) Importer(815301076,1909f56bfc062723c751e8b465ee728b)
Start importing Assets/SpaceShipPack/Prefabs/PixelMakeVoyager_WithoutGuns.prefab using Guid(d1ccc45dbb5133a40938f229f5052c6e) Importer(815301076,1909f56bfc062723c751e8b465ee728b)  -> (artifact id: '66020dc6b5e9b8993b3bc6072dd0028e') in 7.974400 seconds 
========================================================================
Received Import Request.
  Time since last request: 0.001367 seconds.
  path: Assets/SpaceShipPack/Materials/Pixel Make Voyager/02_CockpitExtension.mat
  artifactKey: Guid(011939bae1b70a048b4cc90765dcb95e) Importer(815301076,1909f56bfc062723c751e8b465ee728b)
Start importing Assets/SpaceShipPack/Materials/Pixel Make Voyager/02_CockpitExtension.mat using Guid(011939bae1b70a048b4cc90765dcb95e) Importer(815301076,1909f56bfc062723c751e8b465ee728b)  -> (artifact id: '4307ab2fa3e3126d3530940c9a78c8d0') in 0.424173 seconds 
========================================================================
Received Import Request.
  Time since last request: 0.001875 seconds.
  path: Assets/SpaceShipPack/Materials/Pixel Make Voyager/03_CoreChassy.mat
  artifactKey: Guid(9a10f5db5ba49ca4ca1388ac31d0ecb1) Importer(815301076,1909f56bfc062723c751e8b465ee728b)
Start importing Assets/SpaceShipPack/Materials/Pixel Make Voyager/03_CoreChassy.mat using Guid(9a10f5db5ba49ca4ca1388ac31d0ecb1) Importer(815301076,1909f56bfc062723c751e8b465ee728b)  -> (artifact id: '4d8379db1d6fe4bdf30101067f256edc') in 0.428868 seconds 
========================================================================
Received Import Request.
  Time since last request: 0.021209 seconds.
  path: Assets/SpaceShipPack/Materials/Pixel Make Voyager/05_Wings.mat
  artifactKey: Guid(7808b0d51b5746347925dc9db9a66567) Importer(815301076,1909f56bfc062723c751e8b465ee728b)
Start importing Assets/SpaceShipPack/Materials/Pixel Make Voyager/05_Wings.mat using Guid(7808b0d51b5746347925dc9db9a66567) Importer(815301076,1909f56bfc062723c751e8b465ee728b)  -> (artifact id: '7a4d49732d6957fde546900b943855ab') in 0.200496 seconds 
========================================================================
Received Import Request.
  Time since last request: 0.000989 seconds.
  path: Assets/SpaceShipPack/Materials/Pixel Make Voyager/08_Gun.mat
  artifactKey: Guid(912b5bfdbe1c146439fff4e3cbf317f7) Importer(815301076,1909f56bfc062723c751e8b465ee728b)
Start importing Assets/SpaceShipPack/Materials/Pixel Make Voyager/08_Gun.mat using Guid(912b5bfdbe1c146439fff4e3cbf317f7) Importer(815301076,1909f56bfc062723c751e8b465ee728b)  -> (artifact id: '2fac9262c4a5d93b64c857db8ec8c9a7') in 0.770687 seconds 
========================================================================
Received Prepare
Registering precompiled user dll's ...
Registered in 1.758000 seconds.
Begin MonoManager ReloadAssembly
Symbol file LoadedFromMemory doesn't match image C:\Users\ndawi\Trailer-Scenes-Demo\Library\PackageCache\com.unity.visualscripting@1.6.1\Editor\VisualScripting.Core\Dependencies\YamlDotNet\Unity.VisualScripting.YamlDotNet.dll
Symbol file LoadedFromMemory doesn't match image C:\Users\ndawi\Trailer-Scenes-Demo\Library\PackageCache\com.unity.visualscripting@1.6.1\Editor\VisualScripting.Core\Dependencies\DotNetZip\Unity.VisualScripting.IonicZip.dll
Native extension for WindowsStandalone target not found
Refreshing native plugins compatible for Editor in 2.06 ms, found 3 plugins.
Preloading 0 native plugins for Editor in 0.00 ms.
Mono: successfully reloaded assembly
- Completed reload, in 37.920 seconds
Domain Reload Profiling:
	ReloadAssembly (38198ms)
		BeginReloadAssembly (26597ms)
			ExecutionOrderSort (24ms)
			DisableScriptedObjects (5399ms)
			BackupInstance (0ms)
			ReleaseScriptingObjects (1ms)
			CreateAndSetChildDomain (10754ms)
		EndReloadAssembly (10776ms)
			LoadAssemblies (6085ms)
			RebuildTransferFunctionScriptingTraits (17ms)
			SetupTypeCache (3840ms)
			ReleaseScriptCaches (4ms)
			RebuildScriptCaches (275ms)
			SetupLoadedEditorAssemblies (2968ms)
				LogAssemblyErrors (0ms)
				InitializePlatformSupportModulesInManaged (89ms)
				SetLoadedEditorAssemblies (3ms)
				RefreshPlugins (2ms)
				BeforeProcessingInitializeOnLoad (583ms)
				ProcessInitializeOnLoadAttributes (2148ms)
				ProcessInitializeOnLoadMethodAttributes (101ms)
				AfterProcessingInitializeOnLoad (40ms)
				EditorAssembliesLoaded (1ms)
			ExecutionOrderSort2 (0ms)
			AwakeInstancesAfterBackupRestoration (36ms)
Platform modules already initialized, skipping
Refreshing native plugins compatible for Editor in 3.37 ms, found 3 plugins.
Preloading 0 native plugins for Editor in 0.00 ms.
Unloading 3038 Unused Serialized files (Serialized files now loaded: 0)
System memory in use before: 112.3 MB.
System memory in use after: 112.6 MB.

Unloading 18 unused Assets to reduce memory usage. Loaded Objects now: 3531.
Total: 518.349300 ms (FindLiveObjects: 49.185100 ms CreateObjectMapping: 1.054400 ms MarkObjects: 467.833900 ms  DeleteObjects: 0.177800 ms)

AssetImportParameters requested are different than current active one (requested -> active):
  custom:framework-win-MediaFoundation: 216162199b28c13a410421893ffa2e32 -> 
  custom:video-decoder-ogg-theora: a1e56fd34408186e4bbccfd4996cb3dc -> 
  custom:container-muxer-webm: aa71ff27fc2769a1b78a27578f13a17b -> 
  custom:container-demuxer-webm: 4f35f7cbe854078d1ac9338744f61a02 -> 
  custom:container-demuxer-ogg: 62fdf1f143b41e24485cea50d1cbac27 -> 
  custom:video-encoder-webm-vp8: eb34c28f22e8b96e1ab97ce403110664 -> 
  custom:video-decoder-webm-vp8: 9c59270c3fd7afecdb556c50c9e8de78 -> 
  custom:audio-decoder-ogg-vorbis: bf7c407c2cedff20999df2af8eb42d56 -> 
  custom:audio-encoder-webm-vorbis: bf7c407c2cedff20999df2af8eb42d56 -> 
========================================================================
Received Prepare
Registering precompiled user dll's ...
Registered in 2.721936 seconds.
Begin MonoManager ReloadAssembly
Symbol file LoadedFromMemory doesn't match image C:\Users\ndawi\Trailer-Scenes-Demo\Library\PackageCache\com.unity.visualscripting@1.6.1\Editor\VisualScripting.Core\Dependencies\YamlDotNet\Unity.VisualScripting.YamlDotNet.dll
Symbol file LoadedFromMemory doesn't match image C:\Users\ndawi\Trailer-Scenes-Demo\Library\PackageCache\com.unity.visualscripting@1.6.1\Editor\VisualScripting.Core\Dependencies\DotNetZip\Unity.VisualScripting.IonicZip.dll
Native extension for WindowsStandalone target not found
Refreshing native plugins compatible for Editor in 2.07 ms, found 3 plugins.
Preloading 0 native plugins for Editor in 0.00 ms.
Mono: successfully reloaded assembly
- Completed reload, in 14.508 seconds
Domain Reload Profiling:
	ReloadAssembly (14510ms)
		BeginReloadAssembly (3924ms)
			ExecutionOrderSort (0ms)
			DisableScriptedObjects (62ms)
			BackupInstance (0ms)
			ReleaseScriptingObjects (0ms)
			CreateAndSetChildDomain (210ms)
		EndReloadAssembly (10200ms)
			LoadAssemblies (5680ms)
			RebuildTransferFunctionScriptingTraits (0ms)
			SetupTypeCache (3115ms)
			ReleaseScriptCaches (3ms)
			RebuildScriptCaches (416ms)
			SetupLoadedEditorAssemblies (3306ms)
				LogAssemblyErrors (0ms)
				InitializePlatformSupportModulesInManaged (218ms)
				SetLoadedEditorAssemblies (5ms)
				RefreshPlugins (2ms)
				BeforeProcessingInitializeOnLoad (319ms)
				ProcessInitializeOnLoadAttributes (2264ms)
				ProcessInitializeOnLoadMethodAttributes (459ms)
				AfterProcessingInitializeOnLoad (37ms)
				EditorAssembliesLoaded (1ms)
			ExecutionOrderSort2 (0ms)
			AwakeInstancesAfterBackupRestoration (66ms)
Platform modules already initialized, skipping
Refreshing native plugins compatible for Editor in 2.22 ms, found 3 plugins.
Preloading 0 native plugins for Editor in 0.00 ms.
Unloading 3038 Unused Serialized files (Serialized files now loaded: 0)
System memory in use before: 112.4 MB.
System memory in use after: 112.6 MB.

Unloading 18 unused Assets to reduce memory usage. Loaded Objects now: 3533.
Total: 210.095300 ms (FindLiveObjects: 1.421500 ms CreateObjectMapping: 0.544500 ms MarkObjects: 207.330900 ms  DeleteObjects: 0.783300 ms)

AssetImportParameters requested are different than current active one (requested -> active):
  custom:framework-win-MediaFoundation: 216162199b28c13a410421893ffa2e32 -> 
  custom:video-decoder-ogg-theora: a1e56fd34408186e4bbccfd4996cb3dc -> 
  custom:container-muxer-webm: aa71ff27fc2769a1b78a27578f13a17b -> 
  custom:container-demuxer-webm: 4f35f7cbe854078d1ac9338744f61a02 -> 
  custom:container-demuxer-ogg: 62fdf1f143b41e24485cea50d1cbac27 -> 
  custom:video-encoder-webm-vp8: eb34c28f22e8b96e1ab97ce403110664 -> 
  custom:video-decoder-webm-vp8: 9c59270c3fd7afecdb556c50c9e8de78 -> 
  custom:audio-decoder-ogg-vorbis: bf7c407c2cedff20999df2af8eb42d56 -> 
  custom:audio-encoder-webm-vorbis: bf7c407c2cedff20999df2af8eb42d56 -> 
========================================================================
Received Import Request.
  Time since last request: 8495.700327 seconds.
  path: Assets/Low Poly Space Rocks
  artifactKey: Guid(46813375ca1961e499a8d1d48659b83d) Importer(815301076,1909f56bfc062723c751e8b465ee728b)
Start importing Assets/Low Poly Space Rocks using Guid(46813375ca1961e499a8d1d48659b83d) Importer(815301076,1909f56bfc062723c751e8b465ee728b)  -> (artifact id: 'efaeadcbed21a0f1c259d797993b898c') in 0.345388 seconds 
========================================================================
Received Import Request.
  Time since last request: 0.326363 seconds.
  path: Assets/Low Poly Space Station
  artifactKey: Guid(c02297a120f41274a9a4276cb414dd6e) Importer(815301076,1909f56bfc062723c751e8b465ee728b)
Start importing Assets/Low Poly Space Station using Guid(c02297a120f41274a9a4276cb414dd6e) Importer(815301076,1909f56bfc062723c751e8b465ee728b)  -> (artifact id: '16140f2ff9278e0df97d111c702433de') in 0.045412 seconds 
========================================================================
Received Import Request.
  Time since last request: 647.381119 seconds.
  path: Assets/Standard Assets
  artifactKey: Guid(043fd9d76dc7d6447ac52ecb7e4c31e6) Importer(815301076,1909f56bfc062723c751e8b465ee728b)
Start importing Assets/Standard Assets using Guid(043fd9d76dc7d6447ac52ecb7e4c31e6) Importer(815301076,1909f56bfc062723c751e8b465ee728b)  -> (artifact id: '33c29453a7427865207c4bd7c4594cfb') in 0.053823 seconds 
========================================================================
Received Prepare
Registering precompiled user dll's ...
Registered in 0.780577 seconds.
Begin MonoManager ReloadAssembly
Symbol file LoadedFromMemory doesn't match image C:\Users\ndawi\Trailer-Scenes-Demo\Library\PackageCache\com.unity.visualscripting@1.6.1\Editor\VisualScripting.Core\Dependencies\YamlDotNet\Unity.VisualScripting.YamlDotNet.dll
Symbol file LoadedFromMemory doesn't match image C:\Users\ndawi\Trailer-Scenes-Demo\Library\PackageCache\com.unity.visualscripting@1.6.1\Editor\VisualScripting.Core\Dependencies\DotNetZip\Unity.VisualScripting.IonicZip.dll
Native extension for WindowsStandalone target not found
Refreshing native plugins compatible for Editor in 47.79 ms, found 3 plugins.
Preloading 0 native plugins for Editor in 0.00 ms.
Mono: successfully reloaded assembly
- Completed reload, in 129.440 seconds
Domain Reload Profiling:
	ReloadAssembly (130579ms)
		BeginReloadAssembly (97198ms)
			ExecutionOrderSort (0ms)
			DisableScriptedObjects (15018ms)
			BackupInstance (0ms)
			ReleaseScriptingObjects (50ms)
			CreateAndSetChildDomain (53594ms)
		EndReloadAssembly (29927ms)
			LoadAssemblies (10335ms)
			RebuildTransferFunctionScriptingTraits (93ms)
			SetupTypeCache (12901ms)
			ReleaseScriptCaches (429ms)
			RebuildScriptCaches (836ms)
			SetupLoadedEditorAssemblies (8757ms)
				LogAssemblyErrors (0ms)
				InitializePlatformSupportModulesInManaged (927ms)
				SetLoadedEditorAssemblies (3ms)
				RefreshPlugins (56ms)
				BeforeProcessingInitializeOnLoad (1665ms)
				ProcessInitializeOnLoadAttributes (5371ms)
				ProcessInitializeOnLoadMethodAttributes (586ms)
				AfterProcessingInitializeOnLoad (100ms)
				EditorAssembliesLoaded (50ms)
			ExecutionOrderSort2 (0ms)
			AwakeInstancesAfterBackupRestoration (314ms)
Platform modules already initialized, skipping
Refreshing native plugins compatible for Editor in 2.05 ms, found 3 plugins.
Preloading 0 native plugins for Editor in 0.00 ms.
Unloading 3038 Unused Serialized files (Serialized files now loaded: 0)
System memory in use before: 114.3 MB.
System memory in use after: 114.6 MB.

Unloading 18 unused Assets to reduce memory usage. Loaded Objects now: 3535.
Total: 352.894800 ms (FindLiveObjects: 13.576400 ms CreateObjectMapping: 0.833300 ms MarkObjects: 338.129000 ms  DeleteObjects: 0.348200 ms)

AssetImportParameters requested are different than current active one (requested -> active):
  custom:framework-win-MediaFoundation: 216162199b28c13a410421893ffa2e32 -> 
  custom:video-decoder-ogg-theora: a1e56fd34408186e4bbccfd4996cb3dc -> 
  custom:container-muxer-webm: aa71ff27fc2769a1b78a27578f13a17b -> 
  custom:container-demuxer-webm: 4f35f7cbe854078d1ac9338744f61a02 -> 
  custom:container-demuxer-ogg: 62fdf1f143b41e24485cea50d1cbac27 -> 
  custom:video-encoder-webm-vp8: eb34c28f22e8b96e1ab97ce403110664 -> 
  custom:video-decoder-webm-vp8: 9c59270c3fd7afecdb556c50c9e8de78 -> 
  custom:audio-decoder-ogg-vorbis: bf7c407c2cedff20999df2af8eb42d56 -> 
  custom:audio-encoder-webm-vorbis: bf7c407c2cedff20999df2af8eb42d56 -> 
========================================================================
Received Prepare
Registering precompiled user dll's ...
Registered in 2.318762 seconds.
Begin MonoManager ReloadAssembly
Symbol file LoadedFromMemory doesn't match image C:\Users\ndawi\Trailer-Scenes-Demo\Library\PackageCache\com.unity.visualscripting@1.6.1\Editor\VisualScripting.Core\Dependencies\YamlDotNet\Unity.VisualScripting.YamlDotNet.dll
Symbol file LoadedFromMemory doesn't match image C:\Users\ndawi\Trailer-Scenes-Demo\Library\PackageCache\com.unity.visualscripting@1.6.1\Editor\VisualScripting.Core\Dependencies\DotNetZip\Unity.VisualScripting.IonicZip.dll
Native extension for WindowsStandalone target not found
Refreshing native plugins compatible for Editor in 54.23 ms, found 3 plugins.
Preloading 0 native plugins for Editor in 0.00 ms.
Mono: successfully reloaded assembly
- Completed reload, in 189.062 seconds
Domain Reload Profiling:
	ReloadAssembly (189393ms)
		BeginReloadAssembly (141258ms)
			ExecutionOrderSort (0ms)
			DisableScriptedObjects (22496ms)
			BackupInstance (0ms)
			ReleaseScriptingObjects (638ms)
			CreateAndSetChildDomain (65588ms)
		EndReloadAssembly (42888ms)
			LoadAssemblies (29235ms)
			RebuildTransferFunctionScriptingTraits (53ms)
			SetupTypeCache (10507ms)
			ReleaseScriptCaches (28ms)
			RebuildScriptCaches (394ms)
			SetupLoadedEditorAssemblies (13862ms)
				LogAssemblyErrors (0ms)
				InitializePlatformSupportModulesInManaged (743ms)
				SetLoadedEditorAssemblies (69ms)
				RefreshPlugins (55ms)
				BeforeProcessingInitializeOnLoad (1552ms)
				ProcessInitializeOnLoadAttributes (10462ms)
				ProcessInitializeOnLoadMethodAttributes (884ms)
				AfterProcessingInitializeOnLoad (96ms)
				EditorAssembliesLoaded (1ms)
			ExecutionOrderSort2 (0ms)
			AwakeInstancesAfterBackupRestoration (218ms)
Platform modules already initialized, skipping
Refreshing native plugins compatible for Editor in 2.15 ms, found 3 plugins.
Preloading 0 native plugins for Editor in 0.00 ms.
Unloading 3038 Unused Serialized files (Serialized files now loaded: 0)
System memory in use before: 114.4 MB.
System memory in use after: 114.6 MB.

Unloading 18 unused Assets to reduce memory usage. Loaded Objects now: 3537.
Total: 1295.333200 ms (FindLiveObjects: 25.766900 ms CreateObjectMapping: 0.556200 ms MarkObjects: 1268.835500 ms  DeleteObjects: 0.157600 ms)

AssetImportParameters requested are different than current active one (requested -> active):
  custom:framework-win-MediaFoundation: 216162199b28c13a410421893ffa2e32 -> 
  custom:video-decoder-ogg-theora: a1e56fd34408186e4bbccfd4996cb3dc -> 
  custom:container-muxer-webm: aa71ff27fc2769a1b78a27578f13a17b -> 
  custom:container-demuxer-webm: 4f35f7cbe854078d1ac9338744f61a02 -> 
  custom:container-demuxer-ogg: 62fdf1f143b41e24485cea50d1cbac27 -> 
  custom:video-encoder-webm-vp8: eb34c28f22e8b96e1ab97ce403110664 -> 
  custom:video-decoder-webm-vp8: 9c59270c3fd7afecdb556c50c9e8de78 -> 
  custom:audio-decoder-ogg-vorbis: bf7c407c2cedff20999df2af8eb42d56 -> 
  custom:audio-encoder-webm-vorbis: bf7c407c2cedff20999df2af8eb42d56 -> 
========================================================================
Received Prepare
Refreshing native plugins compatible for Editor in 3586.71 ms, found 3 plugins.
Preloading 0 native plugins for Editor in 0.00 ms.
Unloading 16 Unused Serialized files (Serialized files now loaded: 0)
System memory in use before: 54.5 MB.
System memory in use after: 54.8 MB.

Unloading 16 unused Assets to reduce memory usage. Loaded Objects now: 3537.
Total: 11.741100 ms (FindLiveObjects: 1.009300 ms CreateObjectMapping: 0.581600 ms MarkObjects: 10.076300 ms  DeleteObjects: 0.070800 ms)

AssetImportParameters requested are different than current active one (requested -> active):
  custom:framework-win-MediaFoundation: 216162199b28c13a410421893ffa2e32 -> 
  custom:video-decoder-ogg-theora: a1e56fd34408186e4bbccfd4996cb3dc -> 
  custom:container-muxer-webm: aa71ff27fc2769a1b78a27578f13a17b -> 
  custom:container-demuxer-webm: 4f35f7cbe854078d1ac9338744f61a02 -> 
  custom:container-demuxer-ogg: 62fdf1f143b41e24485cea50d1cbac27 -> 
  custom:video-encoder-webm-vp8: eb34c28f22e8b96e1ab97ce403110664 -> 
  custom:video-decoder-webm-vp8: 9c59270c3fd7afecdb556c50c9e8de78 -> 
  custom:audio-decoder-ogg-vorbis: bf7c407c2cedff20999df2af8eb42d56 -> 
  custom:audio-encoder-webm-vorbis: bf7c407c2cedff20999df2af8eb42d56 -> 
